<?xml version="1.0" encoding="UTF-8"?>
<testsuite name="com.kmk.stock.StockAppTest" time="0.317" tests="7" errors="0" skipped="0" failures="0">
  <properties>
[...]
</properties>
  <testcase name="testGivenValidTradeData_shouldCheckSaveStockTrading" classname="com.kmk.stock.StockAppTest" time="0.249"/>
  <testcase name="testGivenValidStockData_shouldCheckAllStockIndexValue" classname="com.kmk.stock.StockAppTest" time="0.036"/>
  <testcase name="testGivenValidStockData_shouldCheckPnERatioValue" classname="com.kmk.stock.StockAppTest" time="0.003"/>
  <testcase name="testGivenValidTradeData_shouldCheckVolumeWeightedStockPrice_forLast15minsTrades" classname="com.kmk.stock.StockAppTest" time="0.013"/>
  <testcase name="testGivenInvalidStockData_shouldThrowException" classname="com.kmk.stock.StockAppTest" time="0.012"/>
  <testcase name="testGivenInvalidTradeDetails_shouleThrowException" classname="com.kmk.stock.StockAppTest" time="0.002"/>
  <testcase name="testGivenValidStockData_shouldCheckDividendYieldValue" classname="com.kmk.stock.StockAppTest" time="0.002"/>
</testsuite>